[19:58:23.512] Global cache location '/home/aome510/.cache/typescript/4.1', safe file path '/home/aome510/.config/yarn/global/node_modules/typescript/lib/typingSafeList.json', types map path /home/aome510/.config/yarn/global/node_modules/typescript/lib/typesMap.json
[19:58:23.513] Processing cache location '/home/aome510/.cache/typescript/4.1'
[19:58:23.515] Trying to find '/home/aome510/.cache/typescript/4.1/package.json'...
[19:58:23.517] Loaded content of '/home/aome510/.cache/typescript/4.1/package.json': {"private":true,"dependencies":{"types-registry":"^0.1.523"}}
[19:58:23.517] Loaded content of '/home/aome510/.cache/typescript/4.1/package-lock.json'
[19:58:23.517] Finished processing cache location '/home/aome510/.cache/typescript/4.1'
[19:58:23.517] Process id: 17772
[19:58:23.517] NPM location: /usr/bin/npm (explicit '--npmLocation' not  provided)
[19:58:23.517] validateDefaultNpmLocation: false
[19:58:23.518] Npm config file: /home/aome510/.cache/typescript/4.1/package.json
[19:58:23.518] Updating types-registry npm package...
[19:58:23.518] Exec: /usr/bin/npm install --ignore-scripts types-registry@latest
[19:58:25.860]     Succeeded. stdout:
    + types-registry@0.1.524
    updated 1 package and audited 1 package in 1.648s
found 0 vulnerabilities


[19:58:25.861] Updated types-registry npm package
[19:58:26.891] Got install request {"projectName":"/dev/null/inferredProject1*","fileNames":["/home/aome510/.config/yarn/global/node_modules/typescript/lib/lib.es5.d.ts","/home/aome510/.config/yarn/global/node_modules/typescript/lib/lib.es2015.d.ts","/home/aome510/.config/yarn/global/node_modules/typescript/lib/lib.es2016.d.ts","/home/aome510/.config/yarn/global/node_modules/typescript/lib/lib.dom.d.ts","/home/aome510/.config/yarn/global/node_modules/typescript/lib/lib.dom.iterable.d.ts","/home/aome510/.config/yarn/global/node_modules/typescript/lib/lib.webworker.importscripts.d.ts","/home/aome510/.config/yarn/global/node_modules/typescript/lib/lib.scripthost.d.ts","/home/aome510/.config/yarn/global/node_modules/typescript/lib/lib.es2015.core.d.ts","/home/aome510/.config/yarn/global/node_modules/typescript/lib/lib.es2015.collection.d.ts","/home/aome510/.config/yarn/global/node_modules/typescript/lib/lib.es2015.generator.d.ts","/home/aome510/.config/yarn/global/node_modules/typescript/lib/lib.es2015.iterable.d.ts","/home/aome510/.config/yarn/global/node_modules/typescript/lib/lib.es2015.promise.d.ts","/home/aome510/.config/yarn/global/node_modules/typescript/lib/lib.es2015.proxy.d.ts","/home/aome510/.config/yarn/global/node_modules/typescript/lib/lib.es2015.reflect.d.ts","/home/aome510/.config/yarn/global/node_modules/typescript/lib/lib.es2015.symbol.d.ts","/home/aome510/.config/yarn/global/node_modules/typescript/lib/lib.es2015.symbol.wellknown.d.ts","/home/aome510/.config/yarn/global/node_modules/typescript/lib/lib.es2016.array.include.d.ts","/home/aome510/.config/yarn/global/node_modules/typescript/lib/lib.es2016.full.d.ts","/home/aome510/Projects/curvegrid/looking-glass/web/src/js/utils.js"],"compilerOptions":{"module":1,"target":3,"jsx":1,"allowJs":true,"allowSyntheticDefaultImports":true,"allowNonTsExtensions":true,"noEmitForJsFiles":true,"maxNodeModuleJsDepth":2},"typeAcquisition":{"enable":true,"include":[],"exclude":[]},"unresolvedImports":[],"projectRootPath":"/home/aome510/Projects/curvegrid/looking-glass/web/src/js","kind":"discover"}
[19:58:26.952] Loaded safelist from types map file '/home/aome510/.config/yarn/global/node_modules/typescript/lib/typesMap.json'
[19:58:26.954] Explicitly included types: []
[19:58:26.957] Inferred typings from unresolved imports: []
[19:58:26.957] Result: {"cachedTypingPaths":[],"newTypingNames":[],"filesToWatch":["/home/aome510/Projects/curvegrid/looking-glass/web/src/js/bower_components","/home/aome510/Projects/curvegrid/looking-glass/web/src/js/node_modules"]}
[19:58:26.957] Finished typings discovery: {"cachedTypingPaths":[],"newTypingNames":[],"filesToWatch":["/home/aome510/Projects/curvegrid/looking-glass/web/src/js/bower_components","/home/aome510/Projects/curvegrid/looking-glass/web/src/js/node_modules"]}
[19:58:26.958] DirectoryWatcher:: Added:: WatchInfo: /home/aome510/Projects/curvegrid/looking-glass/web/src/js/bower_components
[19:58:26.961] DirectoryWatcher:: Added:: WatchInfo: /home/aome510/Projects/curvegrid/looking-glass/web/src/js/node_modules
[19:58:26.962] Sending response:
    {"projectName":"/dev/null/inferredProject1*","typeAcquisition":{"enable":true,"include":[],"exclude":[]},"compilerOptions":{"module":1,"target":3,"jsx":1,"allowJs":true,"allowSyntheticDefaultImports":true,"allowNonTsExtensions":true,"noEmitForJsFiles":true,"maxNodeModuleJsDepth":2},"typings":[],"unresolvedImports":[],"kind":"action::set"}
[19:58:26.962] Response has been sent.
[19:58:26.962] No new typings were requested as a result of typings discovery
[20:01:36.031] Got install request {"projectName":"/dev/null/inferredProject1*","fileNames":["/home/aome510/.config/yarn/global/node_modules/typescript/lib/lib.es5.d.ts","/home/aome510/.config/yarn/global/node_modules/typescript/lib/lib.es2015.d.ts","/home/aome510/.config/yarn/global/node_modules/typescript/lib/lib.es2016.d.ts","/home/aome510/.config/yarn/global/node_modules/typescript/lib/lib.dom.d.ts","/home/aome510/.config/yarn/global/node_modules/typescript/lib/lib.dom.iterable.d.ts","/home/aome510/.config/yarn/global/node_modules/typescript/lib/lib.webworker.importscripts.d.ts","/home/aome510/.config/yarn/global/node_modules/typescript/lib/lib.scripthost.d.ts","/home/aome510/.config/yarn/global/node_modules/typescript/lib/lib.es2015.core.d.ts","/home/aome510/.config/yarn/global/node_modules/typescript/lib/lib.es2015.collection.d.ts","/home/aome510/.config/yarn/global/node_modules/typescript/lib/lib.es2015.generator.d.ts","/home/aome510/.config/yarn/global/node_modules/typescript/lib/lib.es2015.iterable.d.ts","/home/aome510/.config/yarn/global/node_modules/typescript/lib/lib.es2015.promise.d.ts","/home/aome510/.config/yarn/global/node_modules/typescript/lib/lib.es2015.proxy.d.ts","/home/aome510/.config/yarn/global/node_modules/typescript/lib/lib.es2015.reflect.d.ts","/home/aome510/.config/yarn/global/node_modules/typescript/lib/lib.es2015.symbol.d.ts","/home/aome510/.config/yarn/global/node_modules/typescript/lib/lib.es2015.symbol.wellknown.d.ts","/home/aome510/.config/yarn/global/node_modules/typescript/lib/lib.es2016.array.include.d.ts","/home/aome510/.config/yarn/global/node_modules/typescript/lib/lib.es2016.full.d.ts","/home/aome510/Projects/curvegrid/looking-glass/web/src/js/utils.js"],"compilerOptions":{"module":1,"target":3,"jsx":1,"allowJs":true,"allowSyntheticDefaultImports":true,"allowNonTsExtensions":true,"noEmitForJsFiles":true,"maxNodeModuleJsDepth":2},"typeAcquisition":{"enable":true,"include":[],"exclude":[]},"unresolvedImports":[],"projectRootPath":"/home/aome510/Projects/curvegrid/looking-glass/web/src/js","kind":"discover"}
[20:01:36.032] Explicitly included types: []
[20:01:36.033] Inferred typings from unresolved imports: []
[20:01:36.033] Result: {"cachedTypingPaths":[],"newTypingNames":[],"filesToWatch":["/home/aome510/Projects/curvegrid/looking-glass/web/src/js/bower_components","/home/aome510/Projects/curvegrid/looking-glass/web/src/js/node_modules"]}
[20:01:36.033] Finished typings discovery: {"cachedTypingPaths":[],"newTypingNames":[],"filesToWatch":["/home/aome510/Projects/curvegrid/looking-glass/web/src/js/bower_components","/home/aome510/Projects/curvegrid/looking-glass/web/src/js/node_modules"]}
[20:01:36.033] Sending response:
    {"projectName":"/dev/null/inferredProject1*","typeAcquisition":{"enable":true,"include":[],"exclude":[]},"compilerOptions":{"module":1,"target":3,"jsx":1,"allowJs":true,"allowSyntheticDefaultImports":true,"allowNonTsExtensions":true,"noEmitForJsFiles":true,"maxNodeModuleJsDepth":2},"typings":[],"unresolvedImports":[],"kind":"action::set"}
[20:01:36.034] Response has been sent.
[20:01:36.034] No new typings were requested as a result of typings discovery
[20:04:16.691] Got install request {"projectName":"/dev/null/inferredProject1*","fileNames":["/home/aome510/.config/yarn/global/node_modules/typescript/lib/lib.es5.d.ts","/home/aome510/.config/yarn/global/node_modules/typescript/lib/lib.es2015.d.ts","/home/aome510/.config/yarn/global/node_modules/typescript/lib/lib.es2016.d.ts","/home/aome510/.config/yarn/global/node_modules/typescript/lib/lib.dom.d.ts","/home/aome510/.config/yarn/global/node_modules/typescript/lib/lib.dom.iterable.d.ts","/home/aome510/.config/yarn/global/node_modules/typescript/lib/lib.webworker.importscripts.d.ts","/home/aome510/.config/yarn/global/node_modules/typescript/lib/lib.scripthost.d.ts","/home/aome510/.config/yarn/global/node_modules/typescript/lib/lib.es2015.core.d.ts","/home/aome510/.config/yarn/global/node_modules/typescript/lib/lib.es2015.collection.d.ts","/home/aome510/.config/yarn/global/node_modules/typescript/lib/lib.es2015.generator.d.ts","/home/aome510/.config/yarn/global/node_modules/typescript/lib/lib.es2015.iterable.d.ts","/home/aome510/.config/yarn/global/node_modules/typescript/lib/lib.es2015.promise.d.ts","/home/aome510/.config/yarn/global/node_modules/typescript/lib/lib.es2015.proxy.d.ts","/home/aome510/.config/yarn/global/node_modules/typescript/lib/lib.es2015.reflect.d.ts","/home/aome510/.config/yarn/global/node_modules/typescript/lib/lib.es2015.symbol.d.ts","/home/aome510/.config/yarn/global/node_modules/typescript/lib/lib.es2015.symbol.wellknown.d.ts","/home/aome510/.config/yarn/global/node_modules/typescript/lib/lib.es2016.array.include.d.ts","/home/aome510/.config/yarn/global/node_modules/typescript/lib/lib.es2016.full.d.ts","/home/aome510/Projects/curvegrid/looking-glass/web/src/js/utils.js"],"compilerOptions":{"module":1,"target":3,"jsx":1,"allowJs":true,"allowSyntheticDefaultImports":true,"allowNonTsExtensions":true,"noEmitForJsFiles":true,"maxNodeModuleJsDepth":2},"typeAcquisition":{"enable":true,"include":[],"exclude":[]},"unresolvedImports":[],"projectRootPath":"/home/aome510/Projects/curvegrid/looking-glass/web/src/js","kind":"discover"}
[20:04:16.692] Explicitly included types: []
[20:04:16.692] Inferred typings from unresolved imports: []
[20:04:16.692] Result: {"cachedTypingPaths":[],"newTypingNames":[],"filesToWatch":["/home/aome510/Projects/curvegrid/looking-glass/web/src/js/bower_components","/home/aome510/Projects/curvegrid/looking-glass/web/src/js/node_modules"]}
[20:04:16.692] Finished typings discovery: {"cachedTypingPaths":[],"newTypingNames":[],"filesToWatch":["/home/aome510/Projects/curvegrid/looking-glass/web/src/js/bower_components","/home/aome510/Projects/curvegrid/looking-glass/web/src/js/node_modules"]}
[20:04:16.692] Sending response:
    {"projectName":"/dev/null/inferredProject1*","typeAcquisition":{"enable":true,"include":[],"exclude":[]},"compilerOptions":{"module":1,"target":3,"jsx":1,"allowJs":true,"allowSyntheticDefaultImports":true,"allowNonTsExtensions":true,"noEmitForJsFiles":true,"maxNodeModuleJsDepth":2},"typings":[],"unresolvedImports":[],"kind":"action::set"}
[20:04:16.693] Response has been sent.
[20:04:16.693] No new typings were requested as a result of typings discovery
[20:04:49.633] Got install request {"projectName":"/dev/null/inferredProject1*","fileNames":["/home/aome510/.config/yarn/global/node_modules/typescript/lib/lib.es5.d.ts","/home/aome510/.config/yarn/global/node_modules/typescript/lib/lib.es2015.d.ts","/home/aome510/.config/yarn/global/node_modules/typescript/lib/lib.es2016.d.ts","/home/aome510/.config/yarn/global/node_modules/typescript/lib/lib.dom.d.ts","/home/aome510/.config/yarn/global/node_modules/typescript/lib/lib.dom.iterable.d.ts","/home/aome510/.config/yarn/global/node_modules/typescript/lib/lib.webworker.importscripts.d.ts","/home/aome510/.config/yarn/global/node_modules/typescript/lib/lib.scripthost.d.ts","/home/aome510/.config/yarn/global/node_modules/typescript/lib/lib.es2015.core.d.ts","/home/aome510/.config/yarn/global/node_modules/typescript/lib/lib.es2015.collection.d.ts","/home/aome510/.config/yarn/global/node_modules/typescript/lib/lib.es2015.generator.d.ts","/home/aome510/.config/yarn/global/node_modules/typescript/lib/lib.es2015.iterable.d.ts","/home/aome510/.config/yarn/global/node_modules/typescript/lib/lib.es2015.promise.d.ts","/home/aome510/.config/yarn/global/node_modules/typescript/lib/lib.es2015.proxy.d.ts","/home/aome510/.config/yarn/global/node_modules/typescript/lib/lib.es2015.reflect.d.ts","/home/aome510/.config/yarn/global/node_modules/typescript/lib/lib.es2015.symbol.d.ts","/home/aome510/.config/yarn/global/node_modules/typescript/lib/lib.es2015.symbol.wellknown.d.ts","/home/aome510/.config/yarn/global/node_modules/typescript/lib/lib.es2016.array.include.d.ts","/home/aome510/.config/yarn/global/node_modules/typescript/lib/lib.es2016.full.d.ts","/home/aome510/Projects/curvegrid/looking-glass/web/src/js/web3.js"],"compilerOptions":{"module":1,"target":3,"jsx":1,"allowJs":true,"allowSyntheticDefaultImports":true,"allowNonTsExtensions":true,"noEmitForJsFiles":true,"maxNodeModuleJsDepth":2},"typeAcquisition":{"enable":true,"include":[],"exclude":[]},"unresolvedImports":[],"projectRootPath":"/home/aome510/Projects/curvegrid/looking-glass/web/src/js","kind":"discover"}
[20:04:49.634] Explicitly included types: []
[20:04:49.634] Inferred typings from unresolved imports: []
[20:04:49.634] Result: {"cachedTypingPaths":[],"newTypingNames":[],"filesToWatch":["/home/aome510/Projects/curvegrid/looking-glass/web/src/js/bower_components","/home/aome510/Projects/curvegrid/looking-glass/web/src/js/node_modules"]}
[20:04:49.634] Finished typings discovery: {"cachedTypingPaths":[],"newTypingNames":[],"filesToWatch":["/home/aome510/Projects/curvegrid/looking-glass/web/src/js/bower_components","/home/aome510/Projects/curvegrid/looking-glass/web/src/js/node_modules"]}
[20:04:49.635] Sending response:
    {"projectName":"/dev/null/inferredProject1*","typeAcquisition":{"enable":true,"include":[],"exclude":[]},"compilerOptions":{"module":1,"target":3,"jsx":1,"allowJs":true,"allowSyntheticDefaultImports":true,"allowNonTsExtensions":true,"noEmitForJsFiles":true,"maxNodeModuleJsDepth":2},"typings":[],"unresolvedImports":[],"kind":"action::set"}
[20:04:49.635] Response has been sent.
[20:04:49.635] No new typings were requested as a result of typings discovery
[20:15:11.816] Got install request {"projectName":"/dev/null/inferredProject1*","fileNames":["/home/aome510/.config/yarn/global/node_modules/typescript/lib/lib.es5.d.ts","/home/aome510/.config/yarn/global/node_modules/typescript/lib/lib.es2015.d.ts","/home/aome510/.config/yarn/global/node_modules/typescript/lib/lib.es2016.d.ts","/home/aome510/.config/yarn/global/node_modules/typescript/lib/lib.dom.d.ts","/home/aome510/.config/yarn/global/node_modules/typescript/lib/lib.dom.iterable.d.ts","/home/aome510/.config/yarn/global/node_modules/typescript/lib/lib.webworker.importscripts.d.ts","/home/aome510/.config/yarn/global/node_modules/typescript/lib/lib.scripthost.d.ts","/home/aome510/.config/yarn/global/node_modules/typescript/lib/lib.es2015.core.d.ts","/home/aome510/.config/yarn/global/node_modules/typescript/lib/lib.es2015.collection.d.ts","/home/aome510/.config/yarn/global/node_modules/typescript/lib/lib.es2015.generator.d.ts","/home/aome510/.config/yarn/global/node_modules/typescript/lib/lib.es2015.iterable.d.ts","/home/aome510/.config/yarn/global/node_modules/typescript/lib/lib.es2015.promise.d.ts","/home/aome510/.config/yarn/global/node_modules/typescript/lib/lib.es2015.proxy.d.ts","/home/aome510/.config/yarn/global/node_modules/typescript/lib/lib.es2015.reflect.d.ts","/home/aome510/.config/yarn/global/node_modules/typescript/lib/lib.es2015.symbol.d.ts","/home/aome510/.config/yarn/global/node_modules/typescript/lib/lib.es2015.symbol.wellknown.d.ts","/home/aome510/.config/yarn/global/node_modules/typescript/lib/lib.es2016.array.include.d.ts","/home/aome510/.config/yarn/global/node_modules/typescript/lib/lib.es2016.full.d.ts","/home/aome510/Projects/curvegrid/looking-glass/web/src/js/web3.js"],"compilerOptions":{"module":1,"target":3,"jsx":1,"allowJs":true,"allowSyntheticDefaultImports":true,"allowNonTsExtensions":true,"noEmitForJsFiles":true,"maxNodeModuleJsDepth":2},"typeAcquisition":{"enable":true,"include":[],"exclude":[]},"unresolvedImports":[],"projectRootPath":"/home/aome510/Projects/curvegrid/looking-glass/web/src/js","kind":"discover"}
[20:15:11.817] Explicitly included types: []
[20:15:11.817] Inferred typings from unresolved imports: []
[20:15:11.817] Result: {"cachedTypingPaths":[],"newTypingNames":[],"filesToWatch":["/home/aome510/Projects/curvegrid/looking-glass/web/src/js/bower_components","/home/aome510/Projects/curvegrid/looking-glass/web/src/js/node_modules"]}
[20:15:11.817] Finished typings discovery: {"cachedTypingPaths":[],"newTypingNames":[],"filesToWatch":["/home/aome510/Projects/curvegrid/looking-glass/web/src/js/bower_components","/home/aome510/Projects/curvegrid/looking-glass/web/src/js/node_modules"]}
[20:15:11.817] Sending response:
    {"projectName":"/dev/null/inferredProject1*","typeAcquisition":{"enable":true,"include":[],"exclude":[]},"compilerOptions":{"module":1,"target":3,"jsx":1,"allowJs":true,"allowSyntheticDefaultImports":true,"allowNonTsExtensions":true,"noEmitForJsFiles":true,"maxNodeModuleJsDepth":2},"typings":[],"unresolvedImports":[],"kind":"action::set"}
[20:15:11.817] Response has been sent.
[20:15:11.817] No new typings were requested as a result of typings discovery
[20:15:14.436] Got install request {"projectName":"/dev/null/inferredProject1*","fileNames":[],"compilerOptions":{"module":1,"target":3,"jsx":1,"allowJs":true,"allowSyntheticDefaultImports":true,"allowNonTsExtensions":true,"noEmitForJsFiles":true},"typeAcquisition":{"enable":true,"include":[],"exclude":[]},"unresolvedImports":[],"projectRootPath":"/home/aome510/Projects/curvegrid/looking-glass/web/src/js","kind":"discover"}
[20:15:14.436] Explicitly included types: []
[20:15:14.436] Inferred typings from unresolved imports: []
[20:15:14.436] Result: {"cachedTypingPaths":[],"newTypingNames":[],"filesToWatch":["/home/aome510/Projects/curvegrid/looking-glass/web/src/js/bower_components","/home/aome510/Projects/curvegrid/looking-glass/web/src/js/node_modules"]}
[20:15:14.436] Finished typings discovery: {"cachedTypingPaths":[],"newTypingNames":[],"filesToWatch":["/home/aome510/Projects/curvegrid/looking-glass/web/src/js/bower_components","/home/aome510/Projects/curvegrid/looking-glass/web/src/js/node_modules"]}
[20:15:14.436] Sending response:
    {"projectName":"/dev/null/inferredProject1*","typeAcquisition":{"enable":true,"include":[],"exclude":[]},"compilerOptions":{"module":1,"target":3,"jsx":1,"allowJs":true,"allowSyntheticDefaultImports":true,"allowNonTsExtensions":true,"noEmitForJsFiles":true},"typings":[],"unresolvedImports":[],"kind":"action::set"}
[20:15:14.436] Response has been sent.
[20:15:14.436] No new typings were requested as a result of typings discovery
[20:15:20.355] Got install request {"projectName":"/dev/null/inferredProject1*","fileNames":["/home/aome510/.config/yarn/global/node_modules/typescript/lib/lib.es5.d.ts","/home/aome510/.config/yarn/global/node_modules/typescript/lib/lib.es2015.d.ts","/home/aome510/.config/yarn/global/node_modules/typescript/lib/lib.es2016.d.ts","/home/aome510/.config/yarn/global/node_modules/typescript/lib/lib.dom.d.ts","/home/aome510/.config/yarn/global/node_modules/typescript/lib/lib.dom.iterable.d.ts","/home/aome510/.config/yarn/global/node_modules/typescript/lib/lib.webworker.importscripts.d.ts","/home/aome510/.config/yarn/global/node_modules/typescript/lib/lib.scripthost.d.ts","/home/aome510/.config/yarn/global/node_modules/typescript/lib/lib.es2015.core.d.ts","/home/aome510/.config/yarn/global/node_modules/typescript/lib/lib.es2015.collection.d.ts","/home/aome510/.config/yarn/global/node_modules/typescript/lib/lib.es2015.generator.d.ts","/home/aome510/.config/yarn/global/node_modules/typescript/lib/lib.es2015.iterable.d.ts","/home/aome510/.config/yarn/global/node_modules/typescript/lib/lib.es2015.promise.d.ts","/home/aome510/.config/yarn/global/node_modules/typescript/lib/lib.es2015.proxy.d.ts","/home/aome510/.config/yarn/global/node_modules/typescript/lib/lib.es2015.reflect.d.ts","/home/aome510/.config/yarn/global/node_modules/typescript/lib/lib.es2015.symbol.d.ts","/home/aome510/.config/yarn/global/node_modules/typescript/lib/lib.es2015.symbol.wellknown.d.ts","/home/aome510/.config/yarn/global/node_modules/typescript/lib/lib.es2016.array.include.d.ts","/home/aome510/.config/yarn/global/node_modules/typescript/lib/lib.es2016.full.d.ts","/home/aome510/Projects/curvegrid/looking-glass/web/src/js/web3.js"],"compilerOptions":{"module":1,"target":3,"jsx":1,"allowJs":true,"allowSyntheticDefaultImports":true,"allowNonTsExtensions":true,"noEmitForJsFiles":true,"maxNodeModuleJsDepth":2},"typeAcquisition":{"enable":true,"include":[],"exclude":[]},"unresolvedImports":[],"projectRootPath":"/home/aome510/Projects/curvegrid/looking-glass/web/src/js","kind":"discover"}
[20:15:20.355] Explicitly included types: []
[20:15:20.356] Inferred typings from unresolved imports: []
[20:15:20.356] Result: {"cachedTypingPaths":[],"newTypingNames":[],"filesToWatch":["/home/aome510/Projects/curvegrid/looking-glass/web/src/js/bower_components","/home/aome510/Projects/curvegrid/looking-glass/web/src/js/node_modules"]}
[20:15:20.356] Finished typings discovery: {"cachedTypingPaths":[],"newTypingNames":[],"filesToWatch":["/home/aome510/Projects/curvegrid/looking-glass/web/src/js/bower_components","/home/aome510/Projects/curvegrid/looking-glass/web/src/js/node_modules"]}
[20:15:20.356] Sending response:
    {"projectName":"/dev/null/inferredProject1*","typeAcquisition":{"enable":true,"include":[],"exclude":[]},"compilerOptions":{"module":1,"target":3,"jsx":1,"allowJs":true,"allowSyntheticDefaultImports":true,"allowNonTsExtensions":true,"noEmitForJsFiles":true,"maxNodeModuleJsDepth":2},"typings":[],"unresolvedImports":[],"kind":"action::set"}
[20:15:20.356] Response has been sent.
[20:15:20.356] No new typings were requested as a result of typings discovery
[20:15:22.963] Got install request {"projectName":"/dev/null/inferredProject1*","fileNames":[],"compilerOptions":{"module":1,"target":3,"jsx":1,"allowJs":true,"allowSyntheticDefaultImports":true,"allowNonTsExtensions":true,"noEmitForJsFiles":true},"typeAcquisition":{"enable":true,"include":[],"exclude":[]},"unresolvedImports":[],"projectRootPath":"/home/aome510/Projects/curvegrid/looking-glass/web/src/js","kind":"discover"}
[20:15:22.963] Explicitly included types: []
[20:15:22.964] Inferred typings from unresolved imports: []
[20:15:22.964] Result: {"cachedTypingPaths":[],"newTypingNames":[],"filesToWatch":["/home/aome510/Projects/curvegrid/looking-glass/web/src/js/bower_components","/home/aome510/Projects/curvegrid/looking-glass/web/src/js/node_modules"]}
[20:15:22.964] Finished typings discovery: {"cachedTypingPaths":[],"newTypingNames":[],"filesToWatch":["/home/aome510/Projects/curvegrid/looking-glass/web/src/js/bower_components","/home/aome510/Projects/curvegrid/looking-glass/web/src/js/node_modules"]}
[20:15:22.964] Sending response:
    {"projectName":"/dev/null/inferredProject1*","typeAcquisition":{"enable":true,"include":[],"exclude":[]},"compilerOptions":{"module":1,"target":3,"jsx":1,"allowJs":true,"allowSyntheticDefaultImports":true,"allowNonTsExtensions":true,"noEmitForJsFiles":true},"typings":[],"unresolvedImports":[],"kind":"action::set"}
[20:15:22.964] Response has been sent.
[20:15:22.964] No new typings were requested as a result of typings discovery
[20:15:51.576] Got install request {"projectName":"/dev/null/inferredProject1*","fileNames":["/home/aome510/.config/yarn/global/node_modules/typescript/lib/lib.es5.d.ts","/home/aome510/.config/yarn/global/node_modules/typescript/lib/lib.es2015.d.ts","/home/aome510/.config/yarn/global/node_modules/typescript/lib/lib.es2016.d.ts","/home/aome510/.config/yarn/global/node_modules/typescript/lib/lib.dom.d.ts","/home/aome510/.config/yarn/global/node_modules/typescript/lib/lib.dom.iterable.d.ts","/home/aome510/.config/yarn/global/node_modules/typescript/lib/lib.webworker.importscripts.d.ts","/home/aome510/.config/yarn/global/node_modules/typescript/lib/lib.scripthost.d.ts","/home/aome510/.config/yarn/global/node_modules/typescript/lib/lib.es2015.core.d.ts","/home/aome510/.config/yarn/global/node_modules/typescript/lib/lib.es2015.collection.d.ts","/home/aome510/.config/yarn/global/node_modules/typescript/lib/lib.es2015.generator.d.ts","/home/aome510/.config/yarn/global/node_modules/typescript/lib/lib.es2015.iterable.d.ts","/home/aome510/.config/yarn/global/node_modules/typescript/lib/lib.es2015.promise.d.ts","/home/aome510/.config/yarn/global/node_modules/typescript/lib/lib.es2015.proxy.d.ts","/home/aome510/.config/yarn/global/node_modules/typescript/lib/lib.es2015.reflect.d.ts","/home/aome510/.config/yarn/global/node_modules/typescript/lib/lib.es2015.symbol.d.ts","/home/aome510/.config/yarn/global/node_modules/typescript/lib/lib.es2015.symbol.wellknown.d.ts","/home/aome510/.config/yarn/global/node_modules/typescript/lib/lib.es2016.array.include.d.ts","/home/aome510/.config/yarn/global/node_modules/typescript/lib/lib.es2016.full.d.ts","/home/aome510/Projects/curvegrid/looking-glass/web/src/js/web3.js"],"compilerOptions":{"module":1,"target":3,"jsx":1,"allowJs":true,"allowSyntheticDefaultImports":true,"allowNonTsExtensions":true,"noEmitForJsFiles":true,"maxNodeModuleJsDepth":2},"typeAcquisition":{"enable":true,"include":[],"exclude":[]},"unresolvedImports":[],"projectRootPath":"/home/aome510/Projects/curvegrid/looking-glass/web/src/js","kind":"discover"}
[20:15:51.576] Explicitly included types: []
[20:15:51.577] Inferred typings from unresolved imports: []
[20:15:51.577] Result: {"cachedTypingPaths":[],"newTypingNames":[],"filesToWatch":["/home/aome510/Projects/curvegrid/looking-glass/web/src/js/bower_components","/home/aome510/Projects/curvegrid/looking-glass/web/src/js/node_modules"]}
[20:15:51.577] Finished typings discovery: {"cachedTypingPaths":[],"newTypingNames":[],"filesToWatch":["/home/aome510/Projects/curvegrid/looking-glass/web/src/js/bower_components","/home/aome510/Projects/curvegrid/looking-glass/web/src/js/node_modules"]}
[20:15:51.577] Sending response:
    {"projectName":"/dev/null/inferredProject1*","typeAcquisition":{"enable":true,"include":[],"exclude":[]},"compilerOptions":{"module":1,"target":3,"jsx":1,"allowJs":true,"allowSyntheticDefaultImports":true,"allowNonTsExtensions":true,"noEmitForJsFiles":true,"maxNodeModuleJsDepth":2},"typings":[],"unresolvedImports":[],"kind":"action::set"}
[20:15:51.577] Response has been sent.
[20:15:51.577] No new typings were requested as a result of typings discovery
[20:28:07.561] Got install request {"projectName":"/dev/null/inferredProject2*","fileNames":["/home/aome510/.config/yarn/global/node_modules/typescript/lib/lib.es5.d.ts","/home/aome510/.config/yarn/global/node_modules/typescript/lib/lib.es2015.d.ts","/home/aome510/.config/yarn/global/node_modules/typescript/lib/lib.es2016.d.ts","/home/aome510/.config/yarn/global/node_modules/typescript/lib/lib.dom.d.ts","/home/aome510/.config/yarn/global/node_modules/typescript/lib/lib.dom.iterable.d.ts","/home/aome510/.config/yarn/global/node_modules/typescript/lib/lib.webworker.importscripts.d.ts","/home/aome510/.config/yarn/global/node_modules/typescript/lib/lib.scripthost.d.ts","/home/aome510/.config/yarn/global/node_modules/typescript/lib/lib.es2015.core.d.ts","/home/aome510/.config/yarn/global/node_modules/typescript/lib/lib.es2015.collection.d.ts","/home/aome510/.config/yarn/global/node_modules/typescript/lib/lib.es2015.generator.d.ts","/home/aome510/.config/yarn/global/node_modules/typescript/lib/lib.es2015.iterable.d.ts","/home/aome510/.config/yarn/global/node_modules/typescript/lib/lib.es2015.promise.d.ts","/home/aome510/.config/yarn/global/node_modules/typescript/lib/lib.es2015.proxy.d.ts","/home/aome510/.config/yarn/global/node_modules/typescript/lib/lib.es2015.reflect.d.ts","/home/aome510/.config/yarn/global/node_modules/typescript/lib/lib.es2015.symbol.d.ts","/home/aome510/.config/yarn/global/node_modules/typescript/lib/lib.es2015.symbol.wellknown.d.ts","/home/aome510/.config/yarn/global/node_modules/typescript/lib/lib.es2016.array.include.d.ts","/home/aome510/.config/yarn/global/node_modules/typescript/lib/lib.es2016.full.d.ts","/home/aome510/Projects/curvegrid/looking-glass/web/src/plugins/vuetify.js","/home/aome510/Projects/curvegrid/looking-glass/web/src/main.js"],"compilerOptions":{"module":1,"target":3,"jsx":1,"allowJs":true,"allowSyntheticDefaultImports":true,"allowNonTsExtensions":true,"noEmitForJsFiles":true,"maxNodeModuleJsDepth":2},"typeAcquisition":{"enable":true,"include":[],"exclude":[]},"unresolvedImports":[],"projectRootPath":"/home/aome510/Projects/curvegrid/looking-glass/web/src","kind":"discover"}
[20:28:07.561] Explicitly included types: []
[20:28:07.562] Inferred typings from unresolved imports: []
[20:28:07.562] Result: {"cachedTypingPaths":[],"newTypingNames":[],"filesToWatch":["/home/aome510/Projects/curvegrid/looking-glass/web/src/plugins/bower_components","/home/aome510/Projects/curvegrid/looking-glass/web/src/plugins/node_modules","/home/aome510/Projects/curvegrid/looking-glass/web/src/bower_components","/home/aome510/Projects/curvegrid/looking-glass/web/src/node_modules"]}
[20:28:07.562] Finished typings discovery: {"cachedTypingPaths":[],"newTypingNames":[],"filesToWatch":["/home/aome510/Projects/curvegrid/looking-glass/web/src/plugins/bower_components","/home/aome510/Projects/curvegrid/looking-glass/web/src/plugins/node_modules","/home/aome510/Projects/curvegrid/looking-glass/web/src/bower_components","/home/aome510/Projects/curvegrid/looking-glass/web/src/node_modules"]}
[20:28:07.562] DirectoryWatcher:: Added:: WatchInfo: /home/aome510/Projects/curvegrid/looking-glass/web/src/plugins
[20:28:07.564] DirectoryWatcher:: Added:: WatchInfo: /home/aome510/Projects/curvegrid/looking-glass/web/src/bower_components
[20:28:07.565] DirectoryWatcher:: Added:: WatchInfo: /home/aome510/Projects/curvegrid/looking-glass/web/src/node_modules
[20:28:07.565] Sending response:
    {"projectName":"/dev/null/inferredProject2*","typeAcquisition":{"enable":true,"include":[],"exclude":[]},"compilerOptions":{"module":1,"target":3,"jsx":1,"allowJs":true,"allowSyntheticDefaultImports":true,"allowNonTsExtensions":true,"noEmitForJsFiles":true,"maxNodeModuleJsDepth":2},"typings":[],"unresolvedImports":[],"kind":"action::set"}
[20:28:07.565] Response has been sent.
[20:28:07.565] No new typings were requested as a result of typings discovery
[20:35:17.487] Got install request {"projectName":"/dev/null/inferredProject2*","fileNames":["/home/aome510/.config/yarn/global/node_modules/typescript/lib/lib.es5.d.ts","/home/aome510/.config/yarn/global/node_modules/typescript/lib/lib.es2015.d.ts","/home/aome510/.config/yarn/global/node_modules/typescript/lib/lib.es2016.d.ts","/home/aome510/.config/yarn/global/node_modules/typescript/lib/lib.dom.d.ts","/home/aome510/.config/yarn/global/node_modules/typescript/lib/lib.dom.iterable.d.ts","/home/aome510/.config/yarn/global/node_modules/typescript/lib/lib.webworker.importscripts.d.ts","/home/aome510/.config/yarn/global/node_modules/typescript/lib/lib.scripthost.d.ts","/home/aome510/.config/yarn/global/node_modules/typescript/lib/lib.es2015.core.d.ts","/home/aome510/.config/yarn/global/node_modules/typescript/lib/lib.es2015.collection.d.ts","/home/aome510/.config/yarn/global/node_modules/typescript/lib/lib.es2015.generator.d.ts","/home/aome510/.config/yarn/global/node_modules/typescript/lib/lib.es2015.iterable.d.ts","/home/aome510/.config/yarn/global/node_modules/typescript/lib/lib.es2015.promise.d.ts","/home/aome510/.config/yarn/global/node_modules/typescript/lib/lib.es2015.proxy.d.ts","/home/aome510/.config/yarn/global/node_modules/typescript/lib/lib.es2015.reflect.d.ts","/home/aome510/.config/yarn/global/node_modules/typescript/lib/lib.es2015.symbol.d.ts","/home/aome510/.config/yarn/global/node_modules/typescript/lib/lib.es2015.symbol.wellknown.d.ts","/home/aome510/.config/yarn/global/node_modules/typescript/lib/lib.es2016.array.include.d.ts","/home/aome510/.config/yarn/global/node_modules/typescript/lib/lib.es2016.full.d.ts","/home/aome510/Projects/curvegrid/looking-glass/web/src/plugins/vuetify.js","/home/aome510/Projects/curvegrid/looking-glass/web/src/main.js"],"compilerOptions":{"module":1,"target":3,"jsx":1,"allowJs":true,"allowSyntheticDefaultImports":true,"allowNonTsExtensions":true,"noEmitForJsFiles":true,"maxNodeModuleJsDepth":2},"typeAcquisition":{"enable":true,"include":[],"exclude":[]},"unresolvedImports":[],"projectRootPath":"/home/aome510/Projects/curvegrid/looking-glass/web/src","kind":"discover"}
[20:35:17.488] Explicitly included types: []
[20:35:17.489] Inferred typings from unresolved imports: []
[20:35:17.489] Result: {"cachedTypingPaths":[],"newTypingNames":[],"filesToWatch":["/home/aome510/Projects/curvegrid/looking-glass/web/src/plugins/bower_components","/home/aome510/Projects/curvegrid/looking-glass/web/src/plugins/node_modules","/home/aome510/Projects/curvegrid/looking-glass/web/src/bower_components","/home/aome510/Projects/curvegrid/looking-glass/web/src/node_modules"]}
[20:35:17.489] Finished typings discovery: {"cachedTypingPaths":[],"newTypingNames":[],"filesToWatch":["/home/aome510/Projects/curvegrid/looking-glass/web/src/plugins/bower_components","/home/aome510/Projects/curvegrid/looking-glass/web/src/plugins/node_modules","/home/aome510/Projects/curvegrid/looking-glass/web/src/bower_components","/home/aome510/Projects/curvegrid/looking-glass/web/src/node_modules"]}
[20:35:17.490] Sending response:
    {"projectName":"/dev/null/inferredProject2*","typeAcquisition":{"enable":true,"include":[],"exclude":[]},"compilerOptions":{"module":1,"target":3,"jsx":1,"allowJs":true,"allowSyntheticDefaultImports":true,"allowNonTsExtensions":true,"noEmitForJsFiles":true,"maxNodeModuleJsDepth":2},"typings":[],"unresolvedImports":[],"kind":"action::set"}
[20:35:17.490] Response has been sent.
[20:35:17.490] No new typings were requested as a result of typings discovery
[20:35:46.351] Got install request {"projectName":"/dev/null/inferredProject2*","fileNames":["/home/aome510/.config/yarn/global/node_modules/typescript/lib/lib.es5.d.ts","/home/aome510/.config/yarn/global/node_modules/typescript/lib/lib.es2015.d.ts","/home/aome510/.config/yarn/global/node_modules/typescript/lib/lib.es2016.d.ts","/home/aome510/.config/yarn/global/node_modules/typescript/lib/lib.dom.d.ts","/home/aome510/.config/yarn/global/node_modules/typescript/lib/lib.dom.iterable.d.ts","/home/aome510/.config/yarn/global/node_modules/typescript/lib/lib.webworker.importscripts.d.ts","/home/aome510/.config/yarn/global/node_modules/typescript/lib/lib.scripthost.d.ts","/home/aome510/.config/yarn/global/node_modules/typescript/lib/lib.es2015.core.d.ts","/home/aome510/.config/yarn/global/node_modules/typescript/lib/lib.es2015.collection.d.ts","/home/aome510/.config/yarn/global/node_modules/typescript/lib/lib.es2015.generator.d.ts","/home/aome510/.config/yarn/global/node_modules/typescript/lib/lib.es2015.iterable.d.ts","/home/aome510/.config/yarn/global/node_modules/typescript/lib/lib.es2015.promise.d.ts","/home/aome510/.config/yarn/global/node_modules/typescript/lib/lib.es2015.proxy.d.ts","/home/aome510/.config/yarn/global/node_modules/typescript/lib/lib.es2015.reflect.d.ts","/home/aome510/.config/yarn/global/node_modules/typescript/lib/lib.es2015.symbol.d.ts","/home/aome510/.config/yarn/global/node_modules/typescript/lib/lib.es2015.symbol.wellknown.d.ts","/home/aome510/.config/yarn/global/node_modules/typescript/lib/lib.es2016.array.include.d.ts","/home/aome510/.config/yarn/global/node_modules/typescript/lib/lib.es2016.full.d.ts","/home/aome510/Projects/curvegrid/looking-glass/web/src/plugins/vuetify.js","/home/aome510/Projects/curvegrid/looking-glass/web/src/main.js"],"compilerOptions":{"module":1,"target":3,"jsx":1,"allowJs":true,"allowSyntheticDefaultImports":true,"allowNonTsExtensions":true,"noEmitForJsFiles":true,"maxNodeModuleJsDepth":2},"typeAcquisition":{"enable":true,"include":[],"exclude":[]},"projectRootPath":"/home/aome510/Projects/curvegrid/looking-glass/web/src","kind":"discover"}
[20:35:46.351] Explicitly included types: []
[20:35:46.352] Result: {"cachedTypingPaths":[],"newTypingNames":[],"filesToWatch":["/home/aome510/Projects/curvegrid/looking-glass/web/src/plugins/bower_components","/home/aome510/Projects/curvegrid/looking-glass/web/src/plugins/node_modules","/home/aome510/Projects/curvegrid/looking-glass/web/src/bower_components","/home/aome510/Projects/curvegrid/looking-glass/web/src/node_modules"]}
[20:35:46.353] Finished typings discovery: {"cachedTypingPaths":[],"newTypingNames":[],"filesToWatch":["/home/aome510/Projects/curvegrid/looking-glass/web/src/plugins/bower_components","/home/aome510/Projects/curvegrid/looking-glass/web/src/plugins/node_modules","/home/aome510/Projects/curvegrid/looking-glass/web/src/bower_components","/home/aome510/Projects/curvegrid/looking-glass/web/src/node_modules"]}
[20:35:46.353] Sending response:
    {"projectName":"/dev/null/inferredProject2*","typeAcquisition":{"enable":true,"include":[],"exclude":[]},"compilerOptions":{"module":1,"target":3,"jsx":1,"allowJs":true,"allowSyntheticDefaultImports":true,"allowNonTsExtensions":true,"noEmitForJsFiles":true,"maxNodeModuleJsDepth":2},"typings":[],"kind":"action::set"}
[20:35:46.353] Response has been sent.
[20:35:46.353] No new typings were requested as a result of typings discovery
[20:37:26.797] Got install request {"projectName":"/dev/null/inferredProject3*","fileNames":["/home/aome510/.config/yarn/global/node_modules/typescript/lib/lib.es5.d.ts","/home/aome510/.config/yarn/global/node_modules/typescript/lib/lib.es2015.d.ts","/home/aome510/.config/yarn/global/node_modules/typescript/lib/lib.es2016.d.ts","/home/aome510/.config/yarn/global/node_modules/typescript/lib/lib.dom.d.ts","/home/aome510/.config/yarn/global/node_modules/typescript/lib/lib.dom.iterable.d.ts","/home/aome510/.config/yarn/global/node_modules/typescript/lib/lib.webworker.importscripts.d.ts","/home/aome510/.config/yarn/global/node_modules/typescript/lib/lib.scripthost.d.ts","/home/aome510/.config/yarn/global/node_modules/typescript/lib/lib.es2015.core.d.ts","/home/aome510/.config/yarn/global/node_modules/typescript/lib/lib.es2015.collection.d.ts","/home/aome510/.config/yarn/global/node_modules/typescript/lib/lib.es2015.generator.d.ts","/home/aome510/.config/yarn/global/node_modules/typescript/lib/lib.es2015.iterable.d.ts","/home/aome510/.config/yarn/global/node_modules/typescript/lib/lib.es2015.promise.d.ts","/home/aome510/.config/yarn/global/node_modules/typescript/lib/lib.es2015.proxy.d.ts","/home/aome510/.config/yarn/global/node_modules/typescript/lib/lib.es2015.reflect.d.ts","/home/aome510/.config/yarn/global/node_modules/typescript/lib/lib.es2015.symbol.d.ts","/home/aome510/.config/yarn/global/node_modules/typescript/lib/lib.es2015.symbol.wellknown.d.ts","/home/aome510/.config/yarn/global/node_modules/typescript/lib/lib.es2016.array.include.d.ts","/home/aome510/.config/yarn/global/node_modules/typescript/lib/lib.es2016.full.d.ts","/home/aome510/Projects/curvegrid/looking-glass/web/src/js/web3.js"],"compilerOptions":{"module":1,"target":3,"jsx":1,"allowJs":true,"allowSyntheticDefaultImports":true,"allowNonTsExtensions":true,"noEmitForJsFiles":true,"maxNodeModuleJsDepth":2},"typeAcquisition":{"enable":true,"include":[],"exclude":[]},"unresolvedImports":[],"projectRootPath":"/home/aome510/Projects/curvegrid/looking-glass/web/src/js","kind":"discover"}
[20:37:26.797] Explicitly included types: []
[20:37:26.798] Inferred typings from unresolved imports: []
[20:37:26.798] Result: {"cachedTypingPaths":[],"newTypingNames":[],"filesToWatch":["/home/aome510/Projects/curvegrid/looking-glass/web/src/js/bower_components","/home/aome510/Projects/curvegrid/looking-glass/web/src/js/node_modules"]}
[20:37:26.798] Finished typings discovery: {"cachedTypingPaths":[],"newTypingNames":[],"filesToWatch":["/home/aome510/Projects/curvegrid/looking-glass/web/src/js/bower_components","/home/aome510/Projects/curvegrid/looking-glass/web/src/js/node_modules"]}
[20:37:26.798] DirectoryWatcher:: Added:: WatchInfo: /home/aome510/Projects/curvegrid/looking-glass/web/src/js/bower_components
[20:37:26.799] DirectoryWatcher:: Added:: WatchInfo: /home/aome510/Projects/curvegrid/looking-glass/web/src/js/node_modules
[20:37:26.799] Sending response:
    {"projectName":"/dev/null/inferredProject3*","typeAcquisition":{"enable":true,"include":[],"exclude":[]},"compilerOptions":{"module":1,"target":3,"jsx":1,"allowJs":true,"allowSyntheticDefaultImports":true,"allowNonTsExtensions":true,"noEmitForJsFiles":true,"maxNodeModuleJsDepth":2},"typings":[],"unresolvedImports":[],"kind":"action::set"}
[20:37:26.799] Response has been sent.
[20:37:26.799] No new typings were requested as a result of typings discovery
[20:40:18.917] Got install request {"projectName":"/dev/null/inferredProject3*","fileNames":["/home/aome510/.config/yarn/global/node_modules/typescript/lib/lib.es5.d.ts","/home/aome510/.config/yarn/global/node_modules/typescript/lib/lib.es2015.d.ts","/home/aome510/.config/yarn/global/node_modules/typescript/lib/lib.es2016.d.ts","/home/aome510/.config/yarn/global/node_modules/typescript/lib/lib.dom.d.ts","/home/aome510/.config/yarn/global/node_modules/typescript/lib/lib.dom.iterable.d.ts","/home/aome510/.config/yarn/global/node_modules/typescript/lib/lib.webworker.importscripts.d.ts","/home/aome510/.config/yarn/global/node_modules/typescript/lib/lib.scripthost.d.ts","/home/aome510/.config/yarn/global/node_modules/typescript/lib/lib.es2015.core.d.ts","/home/aome510/.config/yarn/global/node_modules/typescript/lib/lib.es2015.collection.d.ts","/home/aome510/.config/yarn/global/node_modules/typescript/lib/lib.es2015.generator.d.ts","/home/aome510/.config/yarn/global/node_modules/typescript/lib/lib.es2015.iterable.d.ts","/home/aome510/.config/yarn/global/node_modules/typescript/lib/lib.es2015.promise.d.ts","/home/aome510/.config/yarn/global/node_modules/typescript/lib/lib.es2015.proxy.d.ts","/home/aome510/.config/yarn/global/node_modules/typescript/lib/lib.es2015.reflect.d.ts","/home/aome510/.config/yarn/global/node_modules/typescript/lib/lib.es2015.symbol.d.ts","/home/aome510/.config/yarn/global/node_modules/typescript/lib/lib.es2015.symbol.wellknown.d.ts","/home/aome510/.config/yarn/global/node_modules/typescript/lib/lib.es2016.array.include.d.ts","/home/aome510/.config/yarn/global/node_modules/typescript/lib/lib.es2016.full.d.ts","/home/aome510/Projects/curvegrid/looking-glass/web/src/js/web3.js"],"compilerOptions":{"module":1,"target":3,"jsx":1,"allowJs":true,"allowSyntheticDefaultImports":true,"allowNonTsExtensions":true,"noEmitForJsFiles":true,"maxNodeModuleJsDepth":2},"typeAcquisition":{"enable":true,"include":[],"exclude":[]},"unresolvedImports":[],"projectRootPath":"/home/aome510/Projects/curvegrid/looking-glass/web/src/js","kind":"discover"}
[20:40:18.917] Explicitly included types: []
[20:40:18.918] Inferred typings from unresolved imports: []
[20:40:18.918] Result: {"cachedTypingPaths":[],"newTypingNames":[],"filesToWatch":["/home/aome510/Projects/curvegrid/looking-glass/web/src/js/bower_components","/home/aome510/Projects/curvegrid/looking-glass/web/src/js/node_modules"]}
[20:40:18.918] Finished typings discovery: {"cachedTypingPaths":[],"newTypingNames":[],"filesToWatch":["/home/aome510/Projects/curvegrid/looking-glass/web/src/js/bower_components","/home/aome510/Projects/curvegrid/looking-glass/web/src/js/node_modules"]}
[20:40:18.918] Sending response:
    {"projectName":"/dev/null/inferredProject3*","typeAcquisition":{"enable":true,"include":[],"exclude":[]},"compilerOptions":{"module":1,"target":3,"jsx":1,"allowJs":true,"allowSyntheticDefaultImports":true,"allowNonTsExtensions":true,"noEmitForJsFiles":true,"maxNodeModuleJsDepth":2},"typings":[],"unresolvedImports":[],"kind":"action::set"}
[20:40:18.918] Response has been sent.
[20:40:18.919] No new typings were requested as a result of typings discovery
[20:44:00.002] Got install request {"projectName":"/dev/null/inferredProject3*","fileNames":["/home/aome510/.config/yarn/global/node_modules/typescript/lib/lib.es5.d.ts","/home/aome510/.config/yarn/global/node_modules/typescript/lib/lib.es2015.d.ts","/home/aome510/.config/yarn/global/node_modules/typescript/lib/lib.es2016.d.ts","/home/aome510/.config/yarn/global/node_modules/typescript/lib/lib.dom.d.ts","/home/aome510/.config/yarn/global/node_modules/typescript/lib/lib.dom.iterable.d.ts","/home/aome510/.config/yarn/global/node_modules/typescript/lib/lib.webworker.importscripts.d.ts","/home/aome510/.config/yarn/global/node_modules/typescript/lib/lib.scripthost.d.ts","/home/aome510/.config/yarn/global/node_modules/typescript/lib/lib.es2015.core.d.ts","/home/aome510/.config/yarn/global/node_modules/typescript/lib/lib.es2015.collection.d.ts","/home/aome510/.config/yarn/global/node_modules/typescript/lib/lib.es2015.generator.d.ts","/home/aome510/.config/yarn/global/node_modules/typescript/lib/lib.es2015.iterable.d.ts","/home/aome510/.config/yarn/global/node_modules/typescript/lib/lib.es2015.promise.d.ts","/home/aome510/.config/yarn/global/node_modules/typescript/lib/lib.es2015.proxy.d.ts","/home/aome510/.config/yarn/global/node_modules/typescript/lib/lib.es2015.reflect.d.ts","/home/aome510/.config/yarn/global/node_modules/typescript/lib/lib.es2015.symbol.d.ts","/home/aome510/.config/yarn/global/node_modules/typescript/lib/lib.es2015.symbol.wellknown.d.ts","/home/aome510/.config/yarn/global/node_modules/typescript/lib/lib.es2016.array.include.d.ts","/home/aome510/.config/yarn/global/node_modules/typescript/lib/lib.es2016.full.d.ts","/home/aome510/Projects/curvegrid/looking-glass/web/src/js/web3.js"],"compilerOptions":{"module":1,"target":3,"jsx":1,"allowJs":true,"allowSyntheticDefaultImports":true,"allowNonTsExtensions":true,"noEmitForJsFiles":true,"maxNodeModuleJsDepth":2},"typeAcquisition":{"enable":true,"include":[],"exclude":[]},"unresolvedImports":[],"projectRootPath":"/home/aome510/Projects/curvegrid/looking-glass/web/src/js","kind":"discover"}
[20:44:00.002] Explicitly included types: []
[20:44:00.003] Inferred typings from unresolved imports: []
[20:44:00.003] Result: {"cachedTypingPaths":[],"newTypingNames":[],"filesToWatch":["/home/aome510/Projects/curvegrid/looking-glass/web/src/js/bower_components","/home/aome510/Projects/curvegrid/looking-glass/web/src/js/node_modules"]}
[20:44:00.003] Finished typings discovery: {"cachedTypingPaths":[],"newTypingNames":[],"filesToWatch":["/home/aome510/Projects/curvegrid/looking-glass/web/src/js/bower_components","/home/aome510/Projects/curvegrid/looking-glass/web/src/js/node_modules"]}
[20:44:00.004] Sending response:
    {"projectName":"/dev/null/inferredProject3*","typeAcquisition":{"enable":true,"include":[],"exclude":[]},"compilerOptions":{"module":1,"target":3,"jsx":1,"allowJs":true,"allowSyntheticDefaultImports":true,"allowNonTsExtensions":true,"noEmitForJsFiles":true,"maxNodeModuleJsDepth":2},"typings":[],"unresolvedImports":[],"kind":"action::set"}
[20:44:00.004] Response has been sent.
[20:44:00.004] No new typings were requested as a result of typings discovery
